Flow report for dca_270
Thu Jul 28 16:51:00 2016
Quartus II 64-Bit Version 13.0.1 Build 232 06/12/2013 Service Pack 1 SJ Full Version


---------------------
; Table of Contents ;
---------------------
  1. Legal Notice
  2. Flow Summary
  3. Flow Settings
  4. Flow Non-Default Global Settings
  5. Flow Elapsed Time
  6. Flow OS Summary
  7. Flow Log
  8. Flow Messages
  9. Flow Suppressed Messages



----------------
; Legal Notice ;
----------------
Copyright (C) 1991-2013 Altera Corporation
Your use of Altera Corporation's design tools, logic functions 
and other software and tools, and its AMPP partner logic 
functions, and any output files from any of the foregoing 
(including device programming or simulation files), and any 
associated documentation or information are expressly subject 
to the terms and conditions of the Altera Program License 
Subscription Agreement, Altera MegaCore Function License 
Agreement, or other applicable license agreement, including, 
without limitation, that your use is for the sole purpose of 
programming logic devices manufactured by Altera and sold by 
Altera or its authorized distributors.  Please refer to the 
applicable agreement for further details.



+------------------------------------------------------------------------------+
; Flow Summary                                                                 ;
+---------------------------+--------------------------------------------------+
; Flow Status               ; Successful - Thu Jul 28 16:50:58 2016            ;
; Quartus II 64-Bit Version ; 13.0.1 Build 232 06/12/2013 SP 1 SJ Full Version ;
; Revision Name             ; dca_270                                          ;
; Top-level Entity Name     ; dca_270                                          ;
; Family                    ; MAX II                                           ;
; Device                    ; EPM240T100C5                                     ;
; Timing Models             ; Final                                            ;
; Total logic elements      ; 163 / 240 ( 68 % )                               ;
; Total pins                ; 56 / 80 ( 70 % )                                 ;
; Total virtual pins        ; 0                                                ;
; UFM blocks                ; 0 / 1 ( 0 % )                                    ;
+---------------------------+--------------------------------------------------+


+-----------------------------------------+
; Flow Settings                           ;
+-------------------+---------------------+
; Option            ; Setting             ;
+-------------------+---------------------+
; Start date & time ; 07/28/2016 16:50:53 ;
; Main task         ; Compilation         ;
; Revision Name     ; dca_270             ;
+-------------------+---------------------+


+----------------------------------------------------------------------------------------------------------------+
; Flow Non-Default Global Settings                                                                               ;
+---------------------------------------+-----------------------------+---------------+-------------+------------+
; Assignment Name                       ; Value                       ; Default Value ; Entity Name ; Section Id ;
+---------------------------------------+-----------------------------+---------------+-------------+------------+
; COMPILER_SIGNATURE_ID                 ; 79380373450.146969585308008 ; --            ; --          ; --         ;
; MAX_CORE_JUNCTION_TEMP                ; 85                          ; --            ; --          ; --         ;
; MIN_CORE_JUNCTION_TEMP                ; 0                           ; --            ; --          ; --         ;
; POWER_EXT_SUPPLY_VOLTAGE_TO_REGULATOR ; 3.3V                        ; --            ; --          ; --         ;
; PROJECT_OUTPUT_DIRECTORY              ; output_files                ; --            ; --          ; --         ;
+---------------------------------------+-----------------------------+---------------+-------------+------------+


+-------------------------------------------------------------------------------------------------------------------------------+
; Flow Elapsed Time                                                                                                             ;
+---------------------------+--------------+-------------------------+---------------------+------------------------------------+
; Module Name               ; Elapsed Time ; Average Processors Used ; Peak Virtual Memory ; Total CPU Time (on all processors) ;
+---------------------------+--------------+-------------------------+---------------------+------------------------------------+
; Analysis & Synthesis      ; 00:00:01     ; 1.0                     ; 459 MB              ; 00:00:01                           ;
; Fitter                    ; 00:00:02     ; 1.0                     ; 1091 MB             ; 00:00:02                           ;
; Assembler                 ; 00:00:01     ; 1.0                     ; 416 MB              ; 00:00:01                           ;
; TimeQuest Timing Analyzer ; 00:00:01     ; 1.0                     ; 451 MB              ; 00:00:01                           ;
; Total                     ; 00:00:05     ; --                      ; --                  ; 00:00:05                           ;
+---------------------------+--------------+-------------------------+---------------------+------------------------------------+


+----------------------------------------------------------------------------------------+
; Flow OS Summary                                                                        ;
+---------------------------+------------------+-----------+------------+----------------+
; Module Name               ; Machine Hostname ; OS Name   ; OS Version ; Processor type ;
+---------------------------+------------------+-----------+------------+----------------+
; Analysis & Synthesis      ; wanglei          ; Windows 7 ; 6.2        ; x86_64         ;
; Fitter                    ; wanglei          ; Windows 7 ; 6.2        ; x86_64         ;
; Assembler                 ; wanglei          ; Windows 7 ; 6.2        ; x86_64         ;
; TimeQuest Timing Analyzer ; wanglei          ; Windows 7 ; 6.2        ; x86_64         ;
+---------------------------+------------------+-----------+------------+----------------+


------------
; Flow Log ;
------------
quartus_map --read_settings_files=on --write_settings_files=off dca_270 -c dca_270
quartus_fit --read_settings_files=off --write_settings_files=off dca_270 -c dca_270
quartus_asm --read_settings_files=off --write_settings_files=off dca_270 -c dca_270
quartus_sta dca_270 -c dca_270



